This file contains any messages produced by compilers while
running configure, to aid debugging if configure makes a mistake.

It was created by RNAz 2.0 Extension configure 2.0, which was
generated by GNU Autoconf 2.61.  Invocation command line was

  $ ./configure --no-create --no-recursion

## --------- ##
## Platform. ##
## --------- ##

hostname = ac111.keble.ox.ac.uk
uname -m = x86_64
uname -r = 10.8.0
uname -s = Darwin
uname -v = Darwin Kernel Version 10.8.0: Tue Jun  7 16:32:41 PDT 2011; root:xnu-1504.15.3~1/RELEASE_X86_64

/usr/bin/uname -p = i386
/bin/uname -X     = unknown

/bin/arch              = unknown
/usr/bin/arch -k       = unknown
/usr/convex/getsysinfo = unknown
/usr/bin/hostinfo      = Mach kernel version:
	 Darwin Kernel Version 10.8.0: Tue Jun  7 16:32:41 PDT 2011; root:xnu-1504.15.3~1/RELEASE_X86_64
Kernel configured for up to 8 processors.
4 processors are physically available.
8 processors are logically available.
Processor type: i486 (Intel 80486)
Processors active: 0 1 2 3 4 5 6 7
Primary memory available: 8.00 gigabytes
Default processor set: 92 tasks, 461 threads, 8 processors
Load average: 1.92, Mach factor: 6.06
/bin/machine           = unknown
/usr/bin/oslevel       = unknown
/bin/universe          = unknown

PATH: /Users/katsuyanoguchi/.rvm/gems/ruby-1.9.2-p180@rails3tutorial/bin
PATH: /Users/katsuyanoguchi/.rvm/gems/ruby-1.9.2-p180@global/bin
PATH: /Users/katsuyanoguchi/.rvm/rubies/ruby-1.9.2-p180/bin
PATH: /Users/katsuyanoguchi/.rvm/bin
PATH: /usr/local/bin
PATH: /usr/local/sbin
PATH: /usr/local/mysql/bin
PATH: /usr/bin
PATH: /bin
PATH: /usr/sbin
PATH: /sbin
PATH: /usr/local/bin
PATH: /usr/local/git/bin
PATH: /usr/texbin
PATH: /usr/X11/bin
PATH: /opt/local/bin


## ----------- ##
## Core tests. ##
## ----------- ##

configure:1783: checking for a BSD-compatible install
configure:1839: result: /usr/bin/install -c
configure:1850: checking whether build environment is sane
configure:1893: result: yes
configure:1917: WARNING: `missing' script is too old or missing
configure:1958: checking for gawk
configure:1988: result: no
configure:1958: checking for mawk
configure:1988: result: no
configure:1958: checking for nawk
configure:1988: result: no
configure:1958: checking for awk
configure:1974: found /usr/bin/awk
configure:1985: result: awk
configure:1996: checking whether make sets $(MAKE)
configure:2017: result: yes
configure:2250: checking for gcc
configure:2266: found /usr/bin/gcc
configure:2277: result: gcc
configure:2515: checking for C compiler version
configure:2522: gcc --version >&5
i686-apple-darwin10-gcc-4.2.1 (GCC) 4.2.1 (Apple Inc. build 5666) (dot 3)
Copyright (C) 2007 Free Software Foundation, Inc.
This is free software; see the source for copying conditions.  There is NO
warranty; not even for MERCHANTABILITY or FITNESS FOR A PARTICULAR PURPOSE.

configure:2525: $? = 0
configure:2532: gcc -v >&5
Using built-in specs.
Target: i686-apple-darwin10
Configured with: /var/tmp/gcc/gcc-5666.3~6/src/configure --disable-checking --enable-werror --prefix=/usr --mandir=/share/man --enable-languages=c,objc,c++,obj-c++ --program-transform-name=/^[cg][^.-]*$/s/$/-4.2/ --with-slibdir=/usr/lib --build=i686-apple-darwin10 --program-prefix=i686-apple-darwin10- --host=x86_64-apple-darwin10 --target=i686-apple-darwin10 --with-gxx-include-dir=/include/c++/4.2.1
Thread model: posix
gcc version 4.2.1 (Apple Inc. build 5666) (dot 3)
configure:2535: $? = 0
configure:2542: gcc -V >&5
gcc-4.2: argument to `-V' is missing
configure:2545: $? = 1
configure:2568: checking for C compiler default output file name
configure:2595: gcc    conftest.c  >&5
configure:2598: $? = 0
configure:2636: result: a.out
configure:2653: checking whether the C compiler works
configure:2663: ./a.out
configure:2666: $? = 0
configure:2683: result: yes
configure:2690: checking whether we are cross compiling
configure:2692: result: no
configure:2695: checking for suffix of executables
configure:2702: gcc -o conftest    conftest.c  >&5
configure:2705: $? = 0
configure:2729: result: 
configure:2735: checking for suffix of object files
configure:2761: gcc -c   conftest.c >&5
configure:2764: $? = 0
configure:2787: result: o
configure:2791: checking whether we are using the GNU C compiler
configure:2820: gcc -c   conftest.c >&5
configure:2826: $? = 0
configure:2843: result: yes
configure:2848: checking whether gcc accepts -g
configure:2878: gcc -c -g  conftest.c >&5
configure:2884: $? = 0
configure:2983: result: yes
configure:3000: checking for gcc option to accept ISO C89
configure:3074: gcc  -c -g -O2  conftest.c >&5
configure:3080: $? = 0
configure:3103: result: none needed
configure:3132: checking for style of include used by make
configure:3160: result: GNU
configure:3188: checking dependency style of gcc
configure:3278: result: gcc3
configure:3322: checking how to run the C preprocessor
configure:3362: gcc -E  conftest.c
configure:3368: $? = 0
configure:3399: gcc -E  conftest.c
conftest.c:11:28: error: ac_nonexistent.h: No such file or directory
configure:3405: $? = 1
configure: failed program was:
| /* confdefs.h.  */
| #define PACKAGE_NAME "RNAz 2.0 Extension"
| #define PACKAGE_TARNAME "RNAz"
| #define PACKAGE_VERSION "2.0"
| #define PACKAGE_STRING "RNAz 2.0 Extension 2.0"
| #define PACKAGE_BUGREPORT "wash@tbi.univie.ac.at"
| #define PACKAGE "RNAz"
| #define VERSION "2.0"
| #define UNUSED __attribute__ ((unused))
| /* end confdefs.h.  */
| #include <ac_nonexistent.h>
configure:3438: result: gcc -E
configure:3467: gcc -E  conftest.c
configure:3473: $? = 0
configure:3504: gcc -E  conftest.c
conftest.c:11:28: error: ac_nonexistent.h: No such file or directory
configure:3510: $? = 1
configure: failed program was:
| /* confdefs.h.  */
| #define PACKAGE_NAME "RNAz 2.0 Extension"
| #define PACKAGE_TARNAME "RNAz"
| #define PACKAGE_VERSION "2.0"
| #define PACKAGE_STRING "RNAz 2.0 Extension 2.0"
| #define PACKAGE_BUGREPORT "wash@tbi.univie.ac.at"
| #define PACKAGE "RNAz"
| #define VERSION "2.0"
| #define UNUSED __attribute__ ((unused))
| /* end confdefs.h.  */
| #include <ac_nonexistent.h>
configure:3548: checking for grep that handles long lines and -e
configure:3622: result: /usr/bin/grep
configure:3627: checking for egrep
configure:3705: result: /usr/bin/grep -E
configure:3710: checking for ANSI C header files
configure:3740: gcc -c -g -O2  conftest.c >&5
configure:3746: $? = 0
configure:3845: gcc -o conftest -g -O2   conftest.c  >&5
configure:3848: $? = 0
configure:3854: ./conftest
configure:3857: $? = 0
configure:3874: result: yes
configure:3898: checking for sys/types.h
configure:3919: gcc -c -g -O2  conftest.c >&5
configure:3925: $? = 0
configure:3941: result: yes
configure:3898: checking for sys/stat.h
configure:3919: gcc -c -g -O2  conftest.c >&5
configure:3925: $? = 0
configure:3941: result: yes
configure:3898: checking for stdlib.h
configure:3919: gcc -c -g -O2  conftest.c >&5
configure:3925: $? = 0
configure:3941: result: yes
configure:3898: checking for string.h
configure:3919: gcc -c -g -O2  conftest.c >&5
configure:3925: $? = 0
configure:3941: result: yes
configure:3898: checking for memory.h
configure:3919: gcc -c -g -O2  conftest.c >&5
configure:3925: $? = 0
configure:3941: result: yes
configure:3898: checking for strings.h
configure:3919: gcc -c -g -O2  conftest.c >&5
configure:3925: $? = 0
configure:3941: result: yes
configure:3898: checking for inttypes.h
configure:3919: gcc -c -g -O2  conftest.c >&5
configure:3925: $? = 0
configure:3941: result: yes
configure:3898: checking for stdint.h
configure:3919: gcc -c -g -O2  conftest.c >&5
configure:3925: $? = 0
configure:3941: result: yes
configure:3898: checking for unistd.h
configure:3919: gcc -c -g -O2  conftest.c >&5
configure:3925: $? = 0
configure:3941: result: yes
configure:3970: checking malloc.h usability
configure:3987: gcc -c -g -O2  conftest.c >&5
conftest.c:54:20: error: malloc.h: No such file or directory
configure:3993: $? = 1
configure: failed program was:
| /* confdefs.h.  */
| #define PACKAGE_NAME "RNAz 2.0 Extension"
| #define PACKAGE_TARNAME "RNAz"
| #define PACKAGE_VERSION "2.0"
| #define PACKAGE_STRING "RNAz 2.0 Extension 2.0"
| #define PACKAGE_BUGREPORT "wash@tbi.univie.ac.at"
| #define PACKAGE "RNAz"
| #define VERSION "2.0"
| #define UNUSED __attribute__ ((unused))
| #define STDC_HEADERS 1
| #define HAVE_SYS_TYPES_H 1
| #define HAVE_SYS_STAT_H 1
| #define HAVE_STDLIB_H 1
| #define HAVE_STRING_H 1
| #define HAVE_MEMORY_H 1
| #define HAVE_STRINGS_H 1
| #define HAVE_INTTYPES_H 1
| #define HAVE_STDINT_H 1
| #define HAVE_UNISTD_H 1
| /* end confdefs.h.  */
| #include <stdio.h>
| #ifdef HAVE_SYS_TYPES_H
| # include <sys/types.h>
| #endif
| #ifdef HAVE_SYS_STAT_H
| # include <sys/stat.h>
| #endif
| #ifdef STDC_HEADERS
| # include <stdlib.h>
| # include <stddef.h>
| #else
| # ifdef HAVE_STDLIB_H
| #  include <stdlib.h>
| # endif
| #endif
| #ifdef HAVE_STRING_H
| # if !defined STDC_HEADERS && defined HAVE_MEMORY_H
| #  include <memory.h>
| # endif
| # include <string.h>
| #endif
| #ifdef HAVE_STRINGS_H
| # include <strings.h>
| #endif
| #ifdef HAVE_INTTYPES_H
| # include <inttypes.h>
| #endif
| #ifdef HAVE_STDINT_H
| # include <stdint.h>
| #endif
| #ifdef HAVE_UNISTD_H
| # include <unistd.h>
| #endif
| #include <malloc.h>
configure:4007: result: no
configure:4011: checking malloc.h presence
configure:4026: gcc -E  conftest.c
conftest.c:21:20: error: malloc.h: No such file or directory
configure:4032: $? = 1
configure: failed program was:
| /* confdefs.h.  */
| #define PACKAGE_NAME "RNAz 2.0 Extension"
| #define PACKAGE_TARNAME "RNAz"
| #define PACKAGE_VERSION "2.0"
| #define PACKAGE_STRING "RNAz 2.0 Extension 2.0"
| #define PACKAGE_BUGREPORT "wash@tbi.univie.ac.at"
| #define PACKAGE "RNAz"
| #define VERSION "2.0"
| #define UNUSED __attribute__ ((unused))
| #define STDC_HEADERS 1
| #define HAVE_SYS_TYPES_H 1
| #define HAVE_SYS_STAT_H 1
| #define HAVE_STDLIB_H 1
| #define HAVE_STRING_H 1
| #define HAVE_MEMORY_H 1
| #define HAVE_STRINGS_H 1
| #define HAVE_INTTYPES_H 1
| #define HAVE_STDINT_H 1
| #define HAVE_UNISTD_H 1
| /* end confdefs.h.  */
| #include <malloc.h>
configure:4046: result: no
configure:4079: checking for malloc.h
configure:4087: result: no
configure:3960: checking for strings.h
configure:3966: result: yes
configure:3960: checking for unistd.h
configure:3966: result: yes
configure:4100: checking for an ANSI C-conforming const
configure:4175: gcc -c -g -O2  conftest.c >&5
configure:4181: $? = 0
configure:4196: result: yes
configure:4206: checking for size_t
configure:4236: gcc -c -g -O2  conftest.c >&5
configure:4242: $? = 0
configure:4257: result: yes
configure:4269: checking for inline
configure:4295: gcc -c -g -O2  conftest.c >&5
configure:4301: $? = 0
configure:4319: result: inline
configure:4346: checking for strdup
configure:4402: gcc -o conftest -g -O2   conftest.c  >&5
conftest.c:46: warning: conflicting types for built-in function 'strdup'
configure:4408: $? = 0
configure:4426: result: yes
configure:4346: checking for strstr
configure:4402: gcc -o conftest -g -O2   conftest.c  >&5
conftest.c:47: warning: conflicting types for built-in function 'strstr'
configure:4408: $? = 0
configure:4426: result: yes
configure:4346: checking for strchr
configure:4402: gcc -o conftest -g -O2   conftest.c  >&5
conftest.c:48: warning: conflicting types for built-in function 'strchr'
configure:4408: $? = 0
configure:4426: result: yes
configure:4346: checking for erand48
configure:4402: gcc -o conftest -g -O2   conftest.c  >&5
configure:4408: $? = 0
configure:4426: result: yes
configure:4495: checking for g++
configure:4511: found /usr/bin/g++
configure:4522: result: g++
configure:4553: checking for C++ compiler version
configure:4560: g++ --version >&5
i686-apple-darwin10-g++-4.2.1 (GCC) 4.2.1 (Apple Inc. build 5666) (dot 3)
Copyright (C) 2007 Free Software Foundation, Inc.
This is free software; see the source for copying conditions.  There is NO
warranty; not even for MERCHANTABILITY or FITNESS FOR A PARTICULAR PURPOSE.

configure:4563: $? = 0
configure:4570: g++ -v >&5
Using built-in specs.
Target: i686-apple-darwin10
Configured with: /var/tmp/gcc/gcc-5666.3~6/src/configure --disable-checking --enable-werror --prefix=/usr --mandir=/share/man --enable-languages=c,objc,c++,obj-c++ --program-transform-name=/^[cg][^.-]*$/s/$/-4.2/ --with-slibdir=/usr/lib --build=i686-apple-darwin10 --program-prefix=i686-apple-darwin10- --host=x86_64-apple-darwin10 --target=i686-apple-darwin10 --with-gxx-include-dir=/include/c++/4.2.1
Thread model: posix
gcc version 4.2.1 (Apple Inc. build 5666) (dot 3)
configure:4573: $? = 0
configure:4580: g++ -V >&5
g++-4.2: argument to `-V' is missing
configure:4583: $? = 1
configure:4586: checking whether we are using the GNU C++ compiler
configure:4615: g++ -c   conftest.cpp >&5
configure:4621: $? = 0
configure:4638: result: yes
configure:4643: checking whether g++ accepts -g
configure:4673: g++ -c -g  conftest.cpp >&5
configure:4679: $? = 0
configure:4778: result: yes
configure:4803: checking dependency style of g++
configure:4893: result: gcc3
configure:4954: checking for ranlib
configure:4970: found /usr/bin/ranlib
configure:4981: result: ranlib
configure:5021: checking for a BSD-compatible install
configure:5077: result: /usr/bin/install -c
configure:5215: creating ./config.status

## ---------------- ##
## Cache variables. ##
## ---------------- ##

ac_cv_c_compiler_gnu=yes
ac_cv_c_const=yes
ac_cv_c_inline=inline
ac_cv_cxx_compiler_gnu=yes
ac_cv_env_CCC_set=
ac_cv_env_CCC_value=
ac_cv_env_CC_set=
ac_cv_env_CC_value=
ac_cv_env_CFLAGS_set=
ac_cv_env_CFLAGS_value=
ac_cv_env_CPPFLAGS_set=
ac_cv_env_CPPFLAGS_value=
ac_cv_env_CPP_set=
ac_cv_env_CPP_value=
ac_cv_env_CXXFLAGS_set=
ac_cv_env_CXXFLAGS_value=
ac_cv_env_CXX_set=
ac_cv_env_CXX_value=
ac_cv_env_LDFLAGS_set=
ac_cv_env_LDFLAGS_value=
ac_cv_env_LIBS_set=
ac_cv_env_LIBS_value=
ac_cv_env_build_alias_set=
ac_cv_env_build_alias_value=
ac_cv_env_host_alias_set=
ac_cv_env_host_alias_value=
ac_cv_env_target_alias_set=
ac_cv_env_target_alias_value=
ac_cv_func_erand48=yes
ac_cv_func_strchr=yes
ac_cv_func_strdup=yes
ac_cv_func_strstr=yes
ac_cv_header_inttypes_h=yes
ac_cv_header_malloc_h=no
ac_cv_header_memory_h=yes
ac_cv_header_stdc=yes
ac_cv_header_stdint_h=yes
ac_cv_header_stdlib_h=yes
ac_cv_header_string_h=yes
ac_cv_header_strings_h=yes
ac_cv_header_sys_stat_h=yes
ac_cv_header_sys_types_h=yes
ac_cv_header_unistd_h=yes
ac_cv_objext=o
ac_cv_path_EGREP='/usr/bin/grep -E'
ac_cv_path_GREP=/usr/bin/grep
ac_cv_path_install='/usr/bin/install -c'
ac_cv_prog_AWK=awk
ac_cv_prog_CPP='gcc -E'
ac_cv_prog_ac_ct_CC=gcc
ac_cv_prog_ac_ct_CXX=g++
ac_cv_prog_ac_ct_RANLIB=ranlib
ac_cv_prog_cc_c89=
ac_cv_prog_cc_g=yes
ac_cv_prog_cxx_g=yes
ac_cv_prog_make_make_set=yes
ac_cv_type_size_t=yes
am_cv_CC_dependencies_compiler_type=gcc3
am_cv_CXX_dependencies_compiler_type=gcc3

## ----------------- ##
## Output variables. ##
## ----------------- ##

ACLOCAL='aclocal-1.9'
AMDEPBACKSLASH='\'
AMDEP_FALSE='#'
AMDEP_TRUE=''
AMTAR='tar'
AUTOCONF='autoconf'
AUTOHEADER='autoheader'
AUTOMAKE='automake-1.9'
AWK='awk'
CC='gcc'
CCDEPMODE='depmode=gcc3'
CFLAGS='-g -O2'
CPP='gcc -E'
CPPFLAGS=''
CXX='g++'
CXXDEPMODE='depmode=gcc3'
CXXFLAGS='-g -O2'
CYGPATH_W='echo'
DEFS='-DHAVE_CONFIG_H'
DEPDIR='.deps'
ECHO_C='ECHO_N=''
ECHO_T=''
EGREP='/usr/bin/grep -E'
EXEEXT=''
GREP='/usr/bin/grep'
INSTALL_DATA='${INSTALL} -m 644'
INSTALL_PROGRAM='${INSTALL}'
INSTALL_SCRIPT='${INSTALL}'
INSTALL_STRIP_PROGRAM='${SHELL} $(install_sh) -c -s'
ISODATE='2011-08-20'
LDFLAGS=''
LIBOBJS=''
LIBS=''
LTLIBOBJS=''
MAKEINFO='makeinfo'
OBJEXT='o'
PACKAGE='RNAz'
PACKAGE_BUGREPORT='wash@tbi.univie.ac.at'
PACKAGE_NAME='RNAz 2.0 Extension'
PACKAGE_STRING='RNAz 2.0 Extension 2.0'
PACKAGE_TARNAME='RNAz'
PACKAGE_VERSION='2.0'
PATH_SEPARATOR=':'
RANLIB='ranlib'
SET_MAKE=''
SHELL='/bin/sh'
STRIP=''
VERSION='2.0'
ac_ct_CC='gcc'
ac_ct_CXX='g++'
am__fastdepCC_FALSE='#'
am__fastdepCC_TRUE=''
am__fastdepCXX_FALSE='#'
am__fastdepCXX_TRUE=''
am__include='include'
am__leading_dot='.'
am__quote=''
am__tar='${AMTAR} chof - "$$tardir"'
am__untar='${AMTAR} xf -'
bindir='${exec_prefix}/bin'
build_alias=''
datadir='${datarootdir}'
datarootdir='${prefix}/share'
docdir='${datarootdir}/doc/${PACKAGE_TARNAME}'
dvidir='${docdir}'
exec_prefix='${prefix}'
host_alias=''
htmldir='${docdir}'
includedir='${prefix}/include'
infodir='${datarootdir}/info'
install_sh='/Users/katsuyanoguchi/Documents/Development/RNAz-2.0-Extended(for _elease)/install-sh'
libdir='${exec_prefix}/lib'
libexecdir='${exec_prefix}/libexec'
localedir='${datarootdir}/locale'
localstatedir='${prefix}/var'
mandir='${datarootdir}/man'
mkdir_p='$(mkinstalldirs)'
oldincludedir='/usr/include'
pdfdir='${docdir}'
prefix='/usr/local'
program_transform_name='s,x,x,'
psdir='${docdir}'
sbindir='${exec_prefix}/sbin'
sharedstatedir='${prefix}/com'
sysconfdir='${prefix}/etc'
target_alias=''

## ----------- ##
## confdefs.h. ##
## ----------- ##

#define PACKAGE_NAME "RNAz 2.0 Extension"
#define PACKAGE_TARNAME "RNAz"
#define PACKAGE_VERSION "2.0"
#define PACKAGE_STRING "RNAz 2.0 Extension 2.0"
#define PACKAGE_BUGREPORT "wash@tbi.univie.ac.at"
#define PACKAGE "RNAz"
#define VERSION "2.0"
#define UNUSED __attribute__ ((unused))
#define STDC_HEADERS 1
#define HAVE_SYS_TYPES_H 1
#define HAVE_SYS_STAT_H 1
#define HAVE_STDLIB_H 1
#define HAVE_STRING_H 1
#define HAVE_MEMORY_H 1
#define HAVE_STRINGS_H 1
#define HAVE_INTTYPES_H 1
#define HAVE_STDINT_H 1
#define HAVE_UNISTD_H 1
#define HAVE_STRINGS_H 1
#define HAVE_UNISTD_H 1
#define HAVE_STRDUP 1
#define HAVE_STRSTR 1
#define HAVE_STRCHR 1
#define HAVE_ERAND48 1

configure: exit 0

## ---------------------- ##
## Running config.status. ##
## ---------------------- ##

This file was extended by RNAz 2.0 Extension config.status 2.0, which was
generated by GNU Autoconf 2.61.  Invocation command line was

  CONFIG_FILES    = 
  CONFIG_HEADERS  = 
  CONFIG_LINKS    = 
  CONFIG_COMMANDS = 
  $ ./config.status 

on ac111.keble.ox.ac.uk

config.status:649: creating Makefile
config.status:649: creating lib_phylip/Makefile
config.status:649: creating lib_rna_features/Makefile
config.status:649: creating librna2/Makefile
config.status:649: creating rnaz/Makefile
config.status:649: creating perl/Makefile
config.status:649: creating models/Makefile
config.status:649: creating examples/Makefile
config.status:649: creating man/Makefile
config.status:649: creating config.h
config.status:922: executing depfiles commands

## ---------------------- ##
## Running config.status. ##
## ---------------------- ##

This file was extended by RNAz 2.0 Extension config.status 2.0, which was
generated by GNU Autoconf 2.61.  Invocation command line was

  CONFIG_FILES    = 
  CONFIG_HEADERS  = 
  CONFIG_LINKS    = 
  CONFIG_COMMANDS = 
  $ ./config.status config.h

on ac111.keble.ox.ac.uk

config.status:649: creating config.h
config.status:876: config.h is unchanged
